<testsuites>
  <testsuite name="ApiAutomationTests.dll" tests="4" skipped="0" failures="0" errors="0" time="3.669961" timestamp="2026-05-04T09:06:29" hostname="ARTEMISHP" id="0" package="ApiAutomationTests.dll">
    <properties />
    <testcase classname="ApiAutomationTests.JsonPlaceholderTests" name="CreatePost_Refactored_ShouldSucceed" time="1.5540770">
      <system-out>     Warning:
     The component "Fluent Assertions" is governed by the rules defined in the Xceed License Agreement and
     the Xceed Fluent Assertions Community License. You may use Fluent Assertions free of charge for
     non-commercial use only. An active subscription is required to use Fluent Assertions for commercial use.

     Please contact Xceed Sales mailto:sales@xceed.com to acquire a subscription at a very low cost.

     A paid commercial license supports the development and continued increasing support of
     Fluent Assertions users under both commercial and community licenses. Help us
     keep Fluent Assertions at the forefront of unit testing.

     For more information, visit https://xceed.com/products/unit-testing/fluent-assertions/

</system-out>
    </testcase>
    <testcase classname="ApiAutomationTests.JsonPlaceholderTests" name="DeletePost_Refactored_ShouldSucceed" time="0.3855960" />
    <testcase classname="ApiAutomationTests.JsonPlaceholderTests" name="GetAllPosts_ShouldReturnListOfPosts" time="0.1289210" />
    <testcase classname="ApiAutomationTests.PostLifecycleTests" name="PostLifecycle_ShouldSucceed" time="1.6013670" />
    <system-out>
Test Framework Informational Messages:
NUnit Adapter 5.0.0.0: Test execution started
Running all tests in C:\Users\andri\source\repos\ApiAutomationTests\ApiAutomationTests\bin\Debug\net10.0\ApiAutomationTests.dll
   NUnit3TestExecutor discovered 4 of 4 NUnit test cases using Current Discovery mode, Non-Explicit run
     Warning:
     The component "Fluent Assertions" is governed by the rules defined in the Xceed License Agreement and
     the Xceed Fluent Assertions Community License. You may use Fluent Assertions free of charge for
     non-commercial use only. An active subscription is required to use Fluent Assertions for commercial use.

     Please contact Xceed Sales mailto:sales@xceed.com to acquire a subscription at a very low cost.

     A paid commercial license supports the development and continued increasing support of
     Fluent Assertions users under both commercial and community licenses. Help us
     keep Fluent Assertions at the forefront of unit testing.

     For more information, visit https://xceed.com/products/unit-testing/fluent-assertions/

NUnit Adapter 5.0.0.0: Test execution complete
</system-out>
  </testsuite>
</testsuites>